Using pre-set license
Built from '2020.2/release' branch; Version is '2020.2.2f1 (068178b99f32) revision 426360'; Using compiler version '192528614'; Build Type 'Release'
OS: 'Windows 10 Pro; OS build 19042.746; Version 2009; 64bit' Language: 'fr' Physical Memory: 16319 MB
BatchMode: 1, IsHumanControllingUs: 0, StartBugReporterOnCrash: 0, Is64bit: 1, IsPro: 0

 COMMAND LINE ARGUMENTS:
C:\Program Files\Unity\Hub\Editor\2020.2.2f1\Editor\Unity.exe
-adb2
-batchMode
-noUpm
-name
AssetImportWorker0
-projectPath
C:/Users/Dylan/Documents/GitHub/Unithon-Unity-/UnithonUnity
-logFile
Logs/AssetImportWorker0.log
-srvPort
57127
Successfully changed project path to: C:/Users/Dylan/Documents/GitHub/Unithon-Unity-/UnithonUnity
C:/Users/Dylan/Documents/GitHub/Unithon-Unity-/UnithonUnity
Using Asset Import Pipeline V2.
Refreshing native plugins compatible for Editor in 21.99 ms, found 0 plugins.
Preloading 0 native plugins for Editor in 0.00 ms.
Initialize engine version: 2020.2.2f1 (068178b99f32)
[Subsystems] Discovering subsystems at path C:/Program Files/Unity/Hub/Editor/2020.2.2f1/Editor/Data/Resources/UnitySubsystems
[Subsystems] Discovering subsystems at path C:/Users/Dylan/Documents/GitHub/Unithon-Unity-/UnithonUnity/Assets
GfxDevice: creating device client; threaded=0
Direct3D:
    Version:  Direct3D 11.0 [level 11.1]
    Renderer: NVIDIA GeForce GTX 1050 Ti (ID=0x1c82)
    Vendor:   
    VRAM:     4018 MB
    Driver:   27.21.14.6109
Initialize mono
Mono path[0] = 'C:/Program Files/Unity/Hub/Editor/2020.2.2f1/Editor/Data/Managed'
Mono path[1] = 'C:/Program Files/Unity/Hub/Editor/2020.2.2f1/Editor/Data/MonoBleedingEdge/lib/mono/unityjit'
Mono config path = 'C:/Program Files/Unity/Hub/Editor/2020.2.2f1/Editor/Data/MonoBleedingEdge/etc'
Using monoOptions --debugger-agent=transport=dt_socket,embedding=1,server=y,suspend=n,address=127.0.0.1:56072
Begin MonoManager ReloadAssembly
Registering precompiled unity dll's ...
Register platform support module: C:/Program Files/Unity/Hub/Editor/2020.2.2f1/Editor/Data/PlaybackEngines/WindowsStandaloneSupport/UnityEditor.WindowsStandalone.Extensions.dll
Registered in 0.001951 seconds.
Native extension for WindowsStandalone target not found
Refreshing native plugins compatible for Editor in 21.21 ms, found 0 plugins.
Preloading 0 native plugins for Editor in 0.00 ms.
Invoked RoslynAnalysisRunner static constructor.
RoslynAnalysisRunner will not be running.
RoslynAnalysisRunner has terminated.
Mono: successfully reloaded assembly
- Completed reload, in  0.962 seconds
Platform modules already initialized, skipping
Registering precompiled user dll's ...
Registered in 0.000590 seconds.
Begin MonoManager ReloadAssembly
Symbol file data-00000211FDCC9230 doesn't match image C:\Users\Dylan\Documents\GitHub\Unithon-Unity-\UnithonUnity\Library\ScriptAssemblies\UnityEngine.TestRunner.dll
Symbol file LoadedFromMemory is not a mono symbol file
Symbol file data-0000021042603020 doesn't match image C:\Users\Dylan\Documents\GitHub\Unithon-Unity-\UnithonUnity\Library\ScriptAssemblies\Unity.Timeline.Editor.dll
Symbol file LoadedFromMemory is not a mono symbol file
Symbol file data-00000211FDCC9230 doesn't match image C:\Users\Dylan\Documents\GitHub\Unithon-Unity-\UnithonUnity\Library\ScriptAssemblies\Unity.Timeline.dll
Symbol file LoadedFromMemory is not a mono symbol file
Symbol file data-0000021042A3DE30 doesn't match image C:\Users\Dylan\Documents\GitHub\Unithon-Unity-\UnithonUnity\Library\ScriptAssemblies\UnityEditor.TestRunner.dll
Symbol file LoadedFromMemory is not a mono symbol file
Symbol file data-00000211FDB03010 doesn't match image C:\Users\Dylan\Documents\GitHub\Unithon-Unity-\UnithonUnity\Library\ScriptAssemblies\Unity.Rider.Editor.dll
Symbol file LoadedFromMemory is not a mono symbol file
Native extension for WindowsStandalone target not found
Refreshing native plugins compatible for Editor in 0.24 ms, found 0 plugins.
Preloading 0 native plugins for Editor in 0.00 ms.
Invoked RoslynAnalysisRunner static constructor.
RoslynAnalysisRunner will not be running.
RoslynAnalysisRunner has terminated.
Mono: successfully reloaded assembly
- Completed reload, in  0.718 seconds
Platform modules already initialized, skipping
========================================================================
Worker process is ready to serve import requests
Launched and connected shader compiler UnityShaderCompiler.exe after 0.04 seconds
Refreshing native plugins compatible for Editor in 0.17 ms, found 0 plugins.
Preloading 0 native plugins for Editor in 0.00 ms.
Unloading 1104 Unused Serialized files (Serialized files now loaded: 0)
System memory in use before: 56.9 MB.
System memory in use after: 57.0 MB.

Unloading 10 unused Assets to reduce memory usage. Loaded Objects now: 1545.
Total: 1.448900 ms (FindLiveObjects: 0.109400 ms CreateObjectMapping: 0.028200 ms MarkObjects: 1.230400 ms  DeleteObjects: 0.080400 ms)

========================================================================
Received Import Request.
  path: Assets/Scripts/Event_handler.cs
  artifactKey: Guid(507508a79c47416438c34fdcc694ab89) Importer(815301076,1909f56bfc062723c751e8b465ee728b)
Start importing Assets/Scripts/Event_handler.cs using Guid(507508a79c47416438c34fdcc694ab89) Importer(815301076,1909f56bfc062723c751e8b465ee728b)  -> (artifact id: '117f50338458ff5eb2acae42c5ee4174') in 0.024807 seconds
  Import took 0.026659 seconds .

========================================================================
Received Import Request.
  Time since last request: 59.390230 seconds.
  path: Assets/Scripts/start_deplacer.cs
  artifactKey: Guid(0a1943afacc3dac4cbb836c4ba536c50) Importer(815301076,1909f56bfc062723c751e8b465ee728b)
Start importing Assets/Scripts/start_deplacer.cs using Guid(0a1943afacc3dac4cbb836c4ba536c50) Importer(815301076,1909f56bfc062723c751e8b465ee728b)  -> (artifact id: '03112af802bfec29de9ddf8727c4bc8b') in 0.007783 seconds
  Import took 0.009569 seconds .

========================================================================
Received Import Request.
  Time since last request: 0.000352 seconds.
  path: Assets/Scripts/start_deplacer.cs
  artifactKey: Guid(0a1943afacc3dac4cbb836c4ba536c50) Importer(815301076,1909f56bfc062723c751e8b465ee728b)
Start importing Assets/Scripts/start_deplacer.cs using Guid(0a1943afacc3dac4cbb836c4ba536c50) Importer(815301076,1909f56bfc062723c751e8b465ee728b)  -> (artifact id: '03112af802bfec29de9ddf8727c4bc8b') in 0.002996 seconds
  Import took 0.004745 seconds .

========================================================================
Received Prepare
Registering precompiled user dll's ...
Registered in 0.000604 seconds.
Begin MonoManager ReloadAssembly
Symbol file data-0000021043E6F010 doesn't match image C:\Users\Dylan\Documents\GitHub\Unithon-Unity-\UnithonUnity\Library\ScriptAssemblies\UnityEngine.TestRunner.dll
Symbol file LoadedFromMemory is not a mono symbol file
Symbol file data-00000211FDB0CA50 doesn't match image C:\Users\Dylan\Documents\GitHub\Unithon-Unity-\UnithonUnity\Library\ScriptAssemblies\Unity.Timeline.Editor.dll
Symbol file LoadedFromMemory is not a mono symbol file
Symbol file data-0000021042826020 doesn't match image C:\Users\Dylan\Documents\GitHub\Unithon-Unity-\UnithonUnity\Library\ScriptAssemblies\Unity.Timeline.dll
Symbol file LoadedFromMemory is not a mono symbol file
Symbol file data-0000021042826020 doesn't match image C:\Users\Dylan\Documents\GitHub\Unithon-Unity-\UnithonUnity\Library\ScriptAssemblies\UnityEditor.TestRunner.dll
Symbol file LoadedFromMemory is not a mono symbol file
Symbol file data-00000211FDDCDFB0 doesn't match image C:\Users\Dylan\Documents\GitHub\Unithon-Unity-\UnithonUnity\Library\ScriptAssemblies\Unity.Rider.Editor.dll
Symbol file LoadedFromMemory is not a mono symbol file
Native extension for WindowsStandalone target not found
Refreshing native plugins compatible for Editor in 0.25 ms, found 0 plugins.
Preloading 0 native plugins for Editor in 0.00 ms.
Invoked RoslynAnalysisRunner static constructor.
RoslynAnalysisRunner will not be running.
RoslynAnalysisRunner has terminated.
Mono: successfully reloaded assembly
- Completed reload, in  0.646 seconds
Platform modules already initialized, skipping
Refreshing native plugins compatible for Editor in 0.26 ms, found 0 plugins.
Preloading 0 native plugins for Editor in 0.00 ms.
Unloading 1098 Unused Serialized files (Serialized files now loaded: 0)
System memory in use before: 57.0 MB.
System memory in use after: 57.0 MB.

Unloading 6 unused Assets to reduce memory usage. Loaded Objects now: 1546.
Total: 1.285200 ms (FindLiveObjects: 0.126100 ms CreateObjectMapping: 0.031100 ms MarkObjects: 1.083900 ms  DeleteObjects: 0.043200 ms)

========================================================================
Received Import Request.
  Time since last request: 77.079487 seconds.
  path: Assets/Scripts/Event_handler.cs
  artifactKey: Guid(507508a79c47416438c34fdcc694ab89) Importer(815301076,1909f56bfc062723c751e8b465ee728b)
Start importing Assets/Scripts/Event_handler.cs using Guid(507508a79c47416438c34fdcc694ab89) Importer(815301076,1909f56bfc062723c751e8b465ee728b)  -> (artifact id: 'baafb623eee00c2ad858e4a1a3a71077') in 0.010872 seconds
  Import took 0.012956 seconds .

========================================================================
Received Prepare
Registering precompiled user dll's ...
Registered in 0.000576 seconds.
Begin MonoManager ReloadAssembly
Symbol file data-00000211FDDC4050 doesn't match image C:\Users\Dylan\Documents\GitHub\Unithon-Unity-\UnithonUnity\Library\ScriptAssemblies\UnityEngine.TestRunner.dll
Symbol file LoadedFromMemory is not a mono symbol file
Symbol file data-00000211FDB0CA50 doesn't match image C:\Users\Dylan\Documents\GitHub\Unithon-Unity-\UnithonUnity\Library\ScriptAssemblies\Unity.Timeline.Editor.dll
Symbol file LoadedFromMemory is not a mono symbol file
Symbol file data-00000211FDAB3650 doesn't match image C:\Users\Dylan\Documents\GitHub\Unithon-Unity-\UnithonUnity\Library\ScriptAssemblies\Unity.Timeline.dll
Symbol file LoadedFromMemory is not a mono symbol file
Symbol file data-000002104244D010 doesn't match image C:\Users\Dylan\Documents\GitHub\Unithon-Unity-\UnithonUnity\Library\ScriptAssemblies\UnityEditor.TestRunner.dll
Symbol file LoadedFromMemory is not a mono symbol file
Symbol file data-00000210436D4050 doesn't match image C:\Users\Dylan\Documents\GitHub\Unithon-Unity-\UnithonUnity\Library\ScriptAssemblies\Unity.Rider.Editor.dll
Symbol file LoadedFromMemory is not a mono symbol file
Native extension for WindowsStandalone target not found
Refreshing native plugins compatible for Editor in 0.17 ms, found 0 plugins.
Preloading 0 native plugins for Editor in 0.00 ms.
Invoked RoslynAnalysisRunner static constructor.
RoslynAnalysisRunner will not be running.
RoslynAnalysisRunner has terminated.
Mono: successfully reloaded assembly
- Completed reload, in  0.666 seconds
Platform modules already initialized, skipping
Refreshing native plugins compatible for Editor in 0.19 ms, found 0 plugins.
Preloading 0 native plugins for Editor in 0.00 ms.
Unloading 1098 Unused Serialized files (Serialized files now loaded: 0)
System memory in use before: 57.1 MB.
System memory in use after: 57.2 MB.

Unloading 5 unused Assets to reduce memory usage. Loaded Objects now: 1548.
Total: 1.503700 ms (FindLiveObjects: 0.170500 ms CreateObjectMapping: 0.031200 ms MarkObjects: 1.259200 ms  DeleteObjects: 0.041800 ms)

========================================================================
Received Prepare
Registering precompiled user dll's ...
Registered in 0.000840 seconds.
Begin MonoManager ReloadAssembly
Symbol file data-00000211FDDC4050 doesn't match image C:\Users\Dylan\Documents\GitHub\Unithon-Unity-\UnithonUnity\Library\ScriptAssemblies\UnityEngine.TestRunner.dll
Symbol file LoadedFromMemory is not a mono symbol file
Symbol file data-0000021043CA3510 doesn't match image C:\Users\Dylan\Documents\GitHub\Unithon-Unity-\UnithonUnity\Library\ScriptAssemblies\Unity.Timeline.Editor.dll
Symbol file LoadedFromMemory is not a mono symbol file
Symbol file data-00000210438F3010 doesn't match image C:\Users\Dylan\Documents\GitHub\Unithon-Unity-\UnithonUnity\Library\ScriptAssemblies\Unity.Timeline.dll
Symbol file LoadedFromMemory is not a mono symbol file
Symbol file data-0000021043D37030 doesn't match image C:\Users\Dylan\Documents\GitHub\Unithon-Unity-\UnithonUnity\Library\ScriptAssemblies\UnityEditor.TestRunner.dll
Symbol file LoadedFromMemory is not a mono symbol file
Symbol file data-00000210436D4050 doesn't match image C:\Users\Dylan\Documents\GitHub\Unithon-Unity-\UnithonUnity\Library\ScriptAssemblies\Unity.Rider.Editor.dll
Symbol file LoadedFromMemory is not a mono symbol file
Native extension for WindowsStandalone target not found
Refreshing native plugins compatible for Editor in 0.19 ms, found 0 plugins.
Preloading 0 native plugins for Editor in 0.00 ms.
Invoked RoslynAnalysisRunner static constructor.
RoslynAnalysisRunner will not be running.
RoslynAnalysisRunner has terminated.
Mono: successfully reloaded assembly
- Completed reload, in  0.880 seconds
Platform modules already initialized, skipping
Refreshing native plugins compatible for Editor in 0.22 ms, found 0 plugins.
Preloading 0 native plugins for Editor in 0.00 ms.
Unloading 1098 Unused Serialized files (Serialized files now loaded: 0)
System memory in use before: 57.3 MB.
System memory in use after: 57.3 MB.

Unloading 5 unused Assets to reduce memory usage. Loaded Objects now: 1550.
Total: 1.578600 ms (FindLiveObjects: 0.164600 ms CreateObjectMapping: 0.036200 ms MarkObjects: 1.336400 ms  DeleteObjects: 0.040600 ms)

========================================================================
Received Prepare
Registering precompiled user dll's ...
Registered in 0.000679 seconds.
Begin MonoManager ReloadAssembly
Symbol file data-00000211FE183DE0 doesn't match image C:\Users\Dylan\Documents\GitHub\Unithon-Unity-\UnithonUnity\Library\ScriptAssemblies\UnityEngine.TestRunner.dll
Symbol file LoadedFromMemory is not a mono symbol file
Symbol file data-0000021045B555A0 doesn't match image C:\Users\Dylan\Documents\GitHub\Unithon-Unity-\UnithonUnity\Library\ScriptAssemblies\Unity.Timeline.Editor.dll
Symbol file LoadedFromMemory is not a mono symbol file
Symbol file data-00000211FDC44D10 doesn't match image C:\Users\Dylan\Documents\GitHub\Unithon-Unity-\UnithonUnity\Library\ScriptAssemblies\Unity.Timeline.dll
Symbol file LoadedFromMemory is not a mono symbol file
Symbol file data-0000021043A77B30 doesn't match image C:\Users\Dylan\Documents\GitHub\Unithon-Unity-\UnithonUnity\Library\ScriptAssemblies\UnityEditor.TestRunner.dll
Symbol file LoadedFromMemory is not a mono symbol file
Symbol file data-000002104274BA30 doesn't match image C:\Users\Dylan\Documents\GitHub\Unithon-Unity-\UnithonUnity\Library\ScriptAssemblies\Unity.Rider.Editor.dll
Symbol file LoadedFromMemory is not a mono symbol file
Native extension for WindowsStandalone target not found
Refreshing native plugins compatible for Editor in 0.19 ms, found 0 plugins.
Preloading 0 native plugins for Editor in 0.00 ms.
Invoked RoslynAnalysisRunner static constructor.
RoslynAnalysisRunner will not be running.
RoslynAnalysisRunner has terminated.
Mono: successfully reloaded assembly
- Completed reload, in  0.636 seconds
Platform modules already initialized, skipping
Refreshing native plugins compatible for Editor in 0.19 ms, found 0 plugins.
Preloading 0 native plugins for Editor in 0.00 ms.
Unloading 1098 Unused Serialized files (Serialized files now loaded: 0)
System memory in use before: 57.4 MB.
System memory in use after: 57.5 MB.

Unloading 5 unused Assets to reduce memory usage. Loaded Objects now: 1552.
Total: 1.325100 ms (FindLiveObjects: 0.121000 ms CreateObjectMapping: 0.030300 ms MarkObjects: 1.132700 ms  DeleteObjects: 0.040400 ms)

========================================================================
Received Prepare
Registering precompiled user dll's ...
Registered in 0.001035 seconds.
Begin MonoManager ReloadAssembly
Symbol file data-0000021045BD96C0 doesn't match image C:\Users\Dylan\Documents\GitHub\Unithon-Unity-\UnithonUnity\Library\ScriptAssemblies\UnityEngine.TestRunner.dll
Symbol file LoadedFromMemory is not a mono symbol file
Symbol file data-0000021042E4B030 doesn't match image C:\Users\Dylan\Documents\GitHub\Unithon-Unity-\UnithonUnity\Library\ScriptAssemblies\Unity.Timeline.Editor.dll
Symbol file LoadedFromMemory is not a mono symbol file
Symbol file data-0000021045FD1010 doesn't match image C:\Users\Dylan\Documents\GitHub\Unithon-Unity-\UnithonUnity\Library\ScriptAssemblies\Unity.Timeline.dll
Symbol file LoadedFromMemory is not a mono symbol file
Symbol file data-0000021042633050 doesn't match image C:\Users\Dylan\Documents\GitHub\Unithon-Unity-\UnithonUnity\Library\ScriptAssemblies\UnityEditor.TestRunner.dll
Symbol file LoadedFromMemory is not a mono symbol file
Symbol file data-000002104274BA30 doesn't match image C:\Users\Dylan\Documents\GitHub\Unithon-Unity-\UnithonUnity\Library\ScriptAssemblies\Unity.Rider.Editor.dll
Symbol file LoadedFromMemory is not a mono symbol file
Native extension for WindowsStandalone target not found
Refreshing native plugins compatible for Editor in 0.53 ms, found 0 plugins.
Preloading 0 native plugins for Editor in 0.00 ms.
Invoked RoslynAnalysisRunner static constructor.
RoslynAnalysisRunner will not be running.
RoslynAnalysisRunner has terminated.
Mono: successfully reloaded assembly
- Completed reload, in  0.858 seconds
Platform modules already initialized, skipping
Refreshing native plugins compatible for Editor in 0.17 ms, found 0 plugins.
Preloading 0 native plugins for Editor in 0.00 ms.
Unloading 1098 Unused Serialized files (Serialized files now loaded: 0)
System memory in use before: 57.5 MB.
System memory in use after: 57.6 MB.

Unloading 5 unused Assets to reduce memory usage. Loaded Objects now: 1554.
Total: 1.610200 ms (FindLiveObjects: 0.116800 ms CreateObjectMapping: 0.030400 ms MarkObjects: 1.416300 ms  DeleteObjects: 0.045600 ms)

========================================================================
Received Prepare
Registering precompiled user dll's ...
Registered in 0.000600 seconds.
Begin MonoManager ReloadAssembly
Symbol file data-0000021043E6F010 doesn't match image C:\Users\Dylan\Documents\GitHub\Unithon-Unity-\UnithonUnity\Library\ScriptAssemblies\UnityEngine.TestRunner.dll
Symbol file LoadedFromMemory is not a mono symbol file
Symbol file data-000002104663F020 doesn't match image C:\Users\Dylan\Documents\GitHub\Unithon-Unity-\UnithonUnity\Library\ScriptAssemblies\Unity.Timeline.Editor.dll
Symbol file LoadedFromMemory is not a mono symbol file
Symbol file data-0000021045FD1010 doesn't match image C:\Users\Dylan\Documents\GitHub\Unithon-Unity-\UnithonUnity\Library\ScriptAssemblies\Unity.Timeline.dll
Symbol file LoadedFromMemory is not a mono symbol file
Symbol file data-00000211FDEA8040 doesn't match image C:\Users\Dylan\Documents\GitHub\Unithon-Unity-\UnithonUnity\Library\ScriptAssemblies\UnityEditor.TestRunner.dll
Symbol file LoadedFromMemory is not a mono symbol file
Symbol file data-000002104280E060 doesn't match image C:\Users\Dylan\Documents\GitHub\Unithon-Unity-\UnithonUnity\Library\ScriptAssemblies\Unity.Rider.Editor.dll
Symbol file LoadedFromMemory is not a mono symbol file
Native extension for WindowsStandalone target not found
Refreshing native plugins compatible for Editor in 0.21 ms, found 0 plugins.
Preloading 0 native plugins for Editor in 0.00 ms.
Invoked RoslynAnalysisRunner static constructor.
RoslynAnalysisRunner will not be running.
RoslynAnalysisRunner has terminated.
Mono: successfully reloaded assembly
- Completed reload, in  0.659 seconds
Platform modules already initialized, skipping
Refreshing native plugins compatible for Editor in 0.17 ms, found 0 plugins.
Preloading 0 native plugins for Editor in 0.00 ms.
Unloading 1098 Unused Serialized files (Serialized files now loaded: 0)
System memory in use before: 57.6 MB.
System memory in use after: 57.7 MB.

Unloading 5 unused Assets to reduce memory usage. Loaded Objects now: 1556.
Total: 1.305000 ms (FindLiveObjects: 0.112200 ms CreateObjectMapping: 0.028000 ms MarkObjects: 1.119800 ms  DeleteObjects: 0.044200 ms)

========================================================================
Received Prepare
Registering precompiled user dll's ...
Registered in 0.000617 seconds.
Begin MonoManager ReloadAssembly
Symbol file data-0000021045F25020 doesn't match image C:\Users\Dylan\Documents\GitHub\Unithon-Unity-\UnithonUnity\Library\ScriptAssemblies\UnityEngine.TestRunner.dll
Symbol file LoadedFromMemory is not a mono symbol file
Symbol file data-000002104626D050 doesn't match image C:\Users\Dylan\Documents\GitHub\Unithon-Unity-\UnithonUnity\Library\ScriptAssemblies\Unity.Timeline.Editor.dll
Symbol file LoadedFromMemory is not a mono symbol file
Symbol file data-0000021045FD1010 doesn't match image C:\Users\Dylan\Documents\GitHub\Unithon-Unity-\UnithonUnity\Library\ScriptAssemblies\Unity.Timeline.dll
Symbol file LoadedFromMemory is not a mono symbol file
Symbol file data-0000021042633050 doesn't match image C:\Users\Dylan\Documents\GitHub\Unithon-Unity-\UnithonUnity\Library\ScriptAssemblies\UnityEditor.TestRunner.dll
Symbol file LoadedFromMemory is not a mono symbol file
Symbol file data-0000021043805020 doesn't match image C:\Users\Dylan\Documents\GitHub\Unithon-Unity-\UnithonUnity\Library\ScriptAssemblies\Unity.Rider.Editor.dll
Symbol file LoadedFromMemory is not a mono symbol file
Native extension for WindowsStandalone target not found
Refreshing native plugins compatible for Editor in 0.29 ms, found 0 plugins.
Preloading 0 native plugins for Editor in 0.00 ms.
Invoked RoslynAnalysisRunner static constructor.
RoslynAnalysisRunner will not be running.
RoslynAnalysisRunner has terminated.
Mono: successfully reloaded assembly
- Completed reload, in  0.883 seconds
Platform modules already initialized, skipping
Refreshing native plugins compatible for Editor in 0.17 ms, found 0 plugins.
Preloading 0 native plugins for Editor in 0.00 ms.
Unloading 1098 Unused Serialized files (Serialized files now loaded: 0)
System memory in use before: 57.8 MB.
System memory in use after: 57.8 MB.

Unloading 5 unused Assets to reduce memory usage. Loaded Objects now: 1558.
Total: 2.518000 ms (FindLiveObjects: 0.115600 ms CreateObjectMapping: 0.031900 ms MarkObjects: 2.319000 ms  DeleteObjects: 0.050300 ms)

========================================================================
Received Prepare
Registering precompiled user dll's ...
Registered in 0.000579 seconds.
Begin MonoManager ReloadAssembly
Symbol file data-00000211FDCC9020 doesn't match image C:\Users\Dylan\Documents\GitHub\Unithon-Unity-\UnithonUnity\Library\ScriptAssemblies\UnityEngine.TestRunner.dll
Symbol file LoadedFromMemory is not a mono symbol file
Symbol file data-000002104676B060 doesn't match image C:\Users\Dylan\Documents\GitHub\Unithon-Unity-\UnithonUnity\Library\ScriptAssemblies\Unity.Timeline.Editor.dll
Symbol file LoadedFromMemory is not a mono symbol file
Symbol file data-0000021045EC3010 doesn't match image C:\Users\Dylan\Documents\GitHub\Unithon-Unity-\UnithonUnity\Library\ScriptAssemblies\Unity.Timeline.dll
Symbol file LoadedFromMemory is not a mono symbol file
Symbol file data-00000211FDB1CA60 doesn't match image C:\Users\Dylan\Documents\GitHub\Unithon-Unity-\UnithonUnity\Library\ScriptAssemblies\UnityEditor.TestRunner.dll
Symbol file LoadedFromMemory is not a mono symbol file
Symbol file data-000002104274BA30 doesn't match image C:\Users\Dylan\Documents\GitHub\Unithon-Unity-\UnithonUnity\Library\ScriptAssemblies\Unity.Rider.Editor.dll
Symbol file LoadedFromMemory is not a mono symbol file
Native extension for WindowsStandalone target not found
Refreshing native plugins compatible for Editor in 0.24 ms, found 0 plugins.
Preloading 0 native plugins for Editor in 0.00 ms.
Invoked RoslynAnalysisRunner static constructor.
RoslynAnalysisRunner will not be running.
RoslynAnalysisRunner has terminated.
Mono: successfully reloaded assembly
- Completed reload, in  0.775 seconds
Platform modules already initialized, skipping
Refreshing native plugins compatible for Editor in 0.22 ms, found 0 plugins.
Preloading 0 native plugins for Editor in 0.00 ms.
Unloading 1098 Unused Serialized files (Serialized files now loaded: 0)
System memory in use before: 57.8 MB.
System memory in use after: 57.9 MB.

Unloading 5 unused Assets to reduce memory usage. Loaded Objects now: 1560.
Total: 1.993000 ms (FindLiveObjects: 0.441900 ms CreateObjectMapping: 0.043100 ms MarkObjects: 1.463000 ms  DeleteObjects: 0.043900 ms)

